<?xml version="1.0" encoding="UTF-8"?>
<!-- Generated by org.testng.reporters.JUnitXMLReporter -->
<testsuite hostname="LAPTOP-LI50R8U4" ignored="0" name="Command line test" tests="1" failures="0" timestamp="21 Mar 2022 15:13:15 GMT" time="0.619" errors="0">
  <testcase name="@BeforeTest setUp" time="0.603" classname="com.automation.test.ClientTest">
    <failure type="com.github.dockerjava.api.exception.DockerClientException" message="Enabled TLS verification (DOCKER_TLS_VERIFY=1) but certificate path (DOCKER_CERT_PATH) &amp;apos;C:\Users\hasin\.docker\machine\machines\default&amp;apos; doesn&amp;apos;t exist.">
      <![CDATA[com.github.dockerjava.api.exception.DockerClientException: Enabled TLS verification (DOCKER_TLS_VERIFY=1) but certificate path (DOCKER_CERT_PATH) 'C:\Users\hasin\.docker\machine\machines\default' doesn't exist.
	at com.github.dockerjava.core.DefaultDockerClientConfig$Builder.checkDockerCertPath(DefaultDockerClientConfig.java:451)
	at com.github.dockerjava.core.DefaultDockerClientConfig$Builder.build(DefaultDockerClientConfig.java:431)
	at io.github.bonigarcia.wdm.docker.DockerService.getDockerClient(DockerService.java:114)
	at io.github.bonigarcia.wdm.docker.DockerService.<init>(DockerService.java:104)
	at io.github.bonigarcia.wdm.WebDriverManager.<init>(WebDriverManager.java:195)
	at io.github.bonigarcia.wdm.managers.ChromeDriverManager.<init>(ChromeDriverManager.java:47)
	at io.github.bonigarcia.wdm.WebDriverManager.chromedriver(WebDriverManager.java:206)
	at com.automation.test.ClientTest.setUp(ClientTest.java:22)
... Removed 32 stack frames]]>
    </failure>
  </testcase> <!-- @BeforeTest setUp -->
  <testcase name="@AfterTest tearDown" time="0.0" classname="com.automation.test.ClientTest">
    <skipped/>
  </testcase> <!-- @AfterTest tearDown -->
  <testcase name="addCustomerTest" time="0.0" classname="com.automation.test.ClientTest">
    <skipped/>
  </testcase> <!-- addCustomerTest -->
</testsuite> <!-- Command line test -->
